c:\repos\git\towerdefence\towerdefence\towerdefence\debug\vc142.pdb
c:\repos\git\towerdefence\towerdefence\towerdefence\debug\vc142.idb
c:\repos\git\towerdefence\towerdefence\towerdefence\debug\texturemanager.nativecodeanalysis.sarif
c:\repos\git\towerdefence\towerdefence\towerdefence\debug\texturemanager.nativecodeanalysis.xml
c:\repos\git\towerdefence\towerdefence\towerdefence\debug\spritemanager.nativecodeanalysis.sarif
c:\repos\git\towerdefence\towerdefence\towerdefence\debug\spritemanager.nativecodeanalysis.xml
c:\repos\git\towerdefence\towerdefence\towerdefence\debug\sprite.nativecodeanalysis.sarif
c:\repos\git\towerdefence\towerdefence\towerdefence\debug\sprite.nativecodeanalysis.xml
c:\repos\git\towerdefence\towerdefence\towerdefence\debug\mapreader.nativecodeanalysis.sarif
c:\repos\git\towerdefence\towerdefence\towerdefence\debug\mapreader.nativecodeanalysis.xml
c:\repos\git\towerdefence\towerdefence\towerdefence\debug\mapmanager.nativecodeanalysis.sarif
c:\repos\git\towerdefence\towerdefence\towerdefence\debug\mapmanager.nativecodeanalysis.xml
c:\repos\git\towerdefence\towerdefence\towerdefence\debug\map.nativecodeanalysis.sarif
c:\repos\git\towerdefence\towerdefence\towerdefence\debug\map.nativecodeanalysis.xml
c:\repos\git\towerdefence\towerdefence\towerdefence\debug\managers.nativecodeanalysis.sarif
c:\repos\git\towerdefence\towerdefence\towerdefence\debug\managers.nativecodeanalysis.xml
c:\repos\git\towerdefence\towerdefence\towerdefence\debug\managerbase.nativecodeanalysis.sarif
c:\repos\git\towerdefence\towerdefence\towerdefence\debug\managerbase.nativecodeanalysis.xml
c:\repos\git\towerdefence\towerdefence\towerdefence\debug\main.nativecodeanalysis.sarif
c:\repos\git\towerdefence\towerdefence\towerdefence\debug\main.nativecodeanalysis.xml
c:\repos\git\towerdefence\towerdefence\towerdefence\debug\gamemanager.nativecodeanalysis.sarif
c:\repos\git\towerdefence\towerdefence\towerdefence\debug\gamemanager.nativecodeanalysis.xml
c:\repos\git\towerdefence\towerdefence\towerdefence\debug\effectbase.nativecodeanalysis.sarif
c:\repos\git\towerdefence\towerdefence\towerdefence\debug\effectbase.nativecodeanalysis.xml
c:\repos\git\towerdefence\towerdefence\towerdefence\debug\enemysmall.nativecodeanalysis.sarif
c:\repos\git\towerdefence\towerdefence\towerdefence\debug\enemysmall.nativecodeanalysis.xml
c:\repos\git\towerdefence\towerdefence\towerdefence\debug\enemymanager.nativecodeanalysis.sarif
c:\repos\git\towerdefence\towerdefence\towerdefence\debug\enemymanager.nativecodeanalysis.xml
c:\repos\git\towerdefence\towerdefence\towerdefence\debug\enemybig.nativecodeanalysis.sarif
c:\repos\git\towerdefence\towerdefence\towerdefence\debug\enemybig.nativecodeanalysis.xml
c:\repos\git\towerdefence\towerdefence\towerdefence\debug\enemybase.nativecodeanalysis.sarif
c:\repos\git\towerdefence\towerdefence\towerdefence\debug\enemybase.nativecodeanalysis.xml
c:\repos\git\towerdefence\towerdefence\towerdefence\debug\effectsmanager.nativecodeanalysis.sarif
c:\repos\git\towerdefence\towerdefence\towerdefence\debug\effectsmanager.nativecodeanalysis.xml
c:\repos\git\towerdefence\towerdefence\towerdefence\debug\dijkstra.nativecodeanalysis.sarif
c:\repos\git\towerdefence\towerdefence\towerdefence\debug\dijkstra.nativecodeanalysis.xml
c:\repos\git\towerdefence\towerdefence\towerdefence\debug\collider.nativecodeanalysis.sarif
c:\repos\git\towerdefence\towerdefence\towerdefence\debug\collider.nativecodeanalysis.xml
c:\repos\git\towerdefence\towerdefence\towerdefence\debug\bulletmanager.nativecodeanalysis.sarif
c:\repos\git\towerdefence\towerdefence\towerdefence\debug\bulletmanager.nativecodeanalysis.xml
c:\repos\git\towerdefence\towerdefence\towerdefence\debug\bulletbase.nativecodeanalysis.sarif
c:\repos\git\towerdefence\towerdefence\towerdefence\debug\bulletbase.nativecodeanalysis.xml
c:\repos\git\towerdefence\towerdefence\towerdefence\debug\bulletbase.obj
c:\repos\git\towerdefence\towerdefence\towerdefence\debug\bulletmanager.obj
c:\repos\git\towerdefence\towerdefence\towerdefence\debug\collider.obj
c:\repos\git\towerdefence\towerdefence\towerdefence\debug\dijkstra.obj
c:\repos\git\towerdefence\towerdefence\towerdefence\debug\effectsmanager.obj
c:\repos\git\towerdefence\towerdefence\towerdefence\debug\enemybase.obj
c:\repos\git\towerdefence\towerdefence\towerdefence\debug\enemybig.obj
c:\repos\git\towerdefence\towerdefence\towerdefence\debug\enemymanager.obj
c:\repos\git\towerdefence\towerdefence\towerdefence\debug\enemysmall.obj
c:\repos\git\towerdefence\towerdefence\towerdefence\debug\effectbase.obj
c:\repos\git\towerdefence\towerdefence\towerdefence\debug\gamemanager.obj
c:\repos\git\towerdefence\towerdefence\towerdefence\debug\main.obj
c:\repos\git\towerdefence\towerdefence\towerdefence\debug\managerbase.obj
c:\repos\git\towerdefence\towerdefence\towerdefence\debug\managers.obj
c:\repos\git\towerdefence\towerdefence\towerdefence\debug\map.obj
c:\repos\git\towerdefence\towerdefence\towerdefence\debug\mapmanager.obj
c:\repos\git\towerdefence\towerdefence\towerdefence\debug\mapreader.obj
c:\repos\git\towerdefence\towerdefence\towerdefence\debug\sprite.obj
c:\repos\git\towerdefence\towerdefence\towerdefence\debug\spritemanager.obj
c:\repos\git\towerdefence\towerdefence\towerdefence\debug\texturemanager.obj
c:\repos\git\towerdefence\towerdefence\towerdefence\debug\towersmall.nativecodeanalysis.sarif
c:\repos\git\towerdefence\towerdefence\towerdefence\debug\towersmall.nativecodeanalysis.xml
c:\repos\git\towerdefence\towerdefence\towerdefence\debug\towermanager.nativecodeanalysis.sarif
c:\repos\git\towerdefence\towerdefence\towerdefence\debug\towermanager.nativecodeanalysis.xml
c:\repos\git\towerdefence\towerdefence\towerdefence\debug\towerbig.nativecodeanalysis.sarif
c:\repos\git\towerdefence\towerdefence\towerdefence\debug\towerbig.nativecodeanalysis.xml
c:\repos\git\towerdefence\towerdefence\towerdefence\debug\towerbase.nativecodeanalysis.sarif
c:\repos\git\towerdefence\towerdefence\towerdefence\debug\towerbase.nativecodeanalysis.xml
c:\repos\git\towerdefence\towerdefence\towerdefence\debug\tilemanager.nativecodeanalysis.sarif
c:\repos\git\towerdefence\towerdefence\towerdefence\debug\tilemanager.nativecodeanalysis.xml
c:\repos\git\towerdefence\towerdefence\towerdefence\debug\tile.nativecodeanalysis.sarif
c:\repos\git\towerdefence\towerdefence\towerdefence\debug\tile.nativecodeanalysis.xml
c:\repos\git\towerdefence\towerdefence\towerdefence\debug\tile.obj
c:\repos\git\towerdefence\towerdefence\towerdefence\debug\tilemanager.obj
c:\repos\git\towerdefence\towerdefence\towerdefence\debug\towerbase.obj
c:\repos\git\towerdefence\towerdefence\towerdefence\debug\towerbig.obj
c:\repos\git\towerdefence\towerdefence\towerdefence\debug\towermanager.obj
c:\repos\git\towerdefence\towerdefence\towerdefence\debug\towersmall.obj
c:\repos\git\towerdefence\towerdefence\debug\towerdefence.ilk
c:\repos\git\towerdefence\towerdefence\debug\towerdefence.exe
c:\repos\git\towerdefence\towerdefence\debug\towerdefence.pdb
c:\repos\git\towerdefence\towerdefence\towerdefence\debug\vc.nativecodeanalysis.all.xml
c:\repos\git\towerdefence\towerdefence\towerdefence\debug\towerdefence.tlog\cl.command.1.tlog
c:\repos\git\towerdefence\towerdefence\towerdefence\debug\towerdefence.tlog\cl.read.1.tlog
c:\repos\git\towerdefence\towerdefence\towerdefence\debug\towerdefence.tlog\cl.write.1.tlog
c:\repos\git\towerdefence\towerdefence\towerdefence\debug\towerdefence.tlog\link.command.1.tlog
c:\repos\git\towerdefence\towerdefence\towerdefence\debug\towerdefence.tlog\link.read.1.tlog
c:\repos\git\towerdefence\towerdefence\towerdefence\debug\towerdefence.tlog\link.write.1.tlog
