  BulletBase.cpp
C:\Repos\Git\TowerDefence\TowerDefence\TowerDefence\Vector2D.h(15,14): warning C4244: 'initializing': conversion from 'double' to 'float', possible loss of data
C:\Repos\Git\TowerDefence\TowerDefence\TowerDefence\Vector2D.h(16,14): warning C4244: 'initializing': conversion from 'double' to 'float', possible loss of data
C:\Repos\Git\TowerDefence\TowerDefence\TowerDefence\Vector2D.h(36,53): warning C4244: 'argument': conversion from 'int' to 'float', possible loss of data
C:\Repos\Git\TowerDefence\TowerDefence\TowerDefence\Vector2D.h(36,38): warning C4244: 'argument': conversion from 'int' to 'float', possible loss of data
C:\Repos\Git\TowerDefence\TowerDefence\TowerDefence\Vector2D.h(37,53): warning C4244: 'argument': conversion from 'int' to 'float', possible loss of data
C:\Repos\Git\TowerDefence\TowerDefence\TowerDefence\Vector2D.h(37,38): warning C4244: 'argument': conversion from 'int' to 'float', possible loss of data
C:\Repos\Git\TowerDefence\TowerDefence\TowerDefence\Vector2D.h(38,29): warning C4244: 'argument': conversion from 'float' to 'int', possible loss of data
C:\Repos\Git\TowerDefence\TowerDefence\TowerDefence\Vector2D.h(38,19): warning C4244: 'argument': conversion from 'float' to 'int', possible loss of data
  BulletManager.cpp
C:\Repos\Git\TowerDefence\TowerDefence\TowerDefence\Vector2D.h(15,14): warning C4244: 'initializing': conversion from 'double' to 'float', possible loss of data
C:\Repos\Git\TowerDefence\TowerDefence\TowerDefence\Vector2D.h(16,14): warning C4244: 'initializing': conversion from 'double' to 'float', possible loss of data
C:\Repos\Git\TowerDefence\TowerDefence\TowerDefence\Vector2D.h(36,53): warning C4244: 'argument': conversion from 'int' to 'float', possible loss of data
C:\Repos\Git\TowerDefence\TowerDefence\TowerDefence\Vector2D.h(36,38): warning C4244: 'argument': conversion from 'int' to 'float', possible loss of data
C:\Repos\Git\TowerDefence\TowerDefence\TowerDefence\Vector2D.h(37,53): warning C4244: 'argument': conversion from 'int' to 'float', possible loss of data
C:\Repos\Git\TowerDefence\TowerDefence\TowerDefence\Vector2D.h(37,38): warning C4244: 'argument': conversion from 'int' to 'float', possible loss of data
C:\Repos\Git\TowerDefence\TowerDefence\TowerDefence\Vector2D.h(38,29): warning C4244: 'argument': conversion from 'float' to 'int', possible loss of data
C:\Repos\Git\TowerDefence\TowerDefence\TowerDefence\Vector2D.h(38,19): warning C4244: 'argument': conversion from 'float' to 'int', possible loss of data
  Dijkstra.cpp
C:\Repos\Git\TowerDefence\TowerDefence\TowerDefence\Vector2D.h(15,14): warning C4244: 'initializing': conversion from 'double' to 'float', possible loss of data
C:\Repos\Git\TowerDefence\TowerDefence\TowerDefence\Vector2D.h(16,14): warning C4244: 'initializing': conversion from 'double' to 'float', possible loss of data
C:\Repos\Git\TowerDefence\TowerDefence\TowerDefence\Vector2D.h(36,53): warning C4244: 'argument': conversion from 'int' to 'float', possible loss of data
C:\Repos\Git\TowerDefence\TowerDefence\TowerDefence\Vector2D.h(36,38): warning C4244: 'argument': conversion from 'int' to 'float', possible loss of data
C:\Repos\Git\TowerDefence\TowerDefence\TowerDefence\Vector2D.h(37,53): warning C4244: 'argument': conversion from 'int' to 'float', possible loss of data
C:\Repos\Git\TowerDefence\TowerDefence\TowerDefence\Vector2D.h(37,38): warning C4244: 'argument': conversion from 'int' to 'float', possible loss of data
C:\Repos\Git\TowerDefence\TowerDefence\TowerDefence\Vector2D.h(38,29): warning C4244: 'argument': conversion from 'float' to 'int', possible loss of data
C:\Repos\Git\TowerDefence\TowerDefence\TowerDefence\Vector2D.h(38,19): warning C4244: 'argument': conversion from 'float' to 'int', possible loss of data
  EnemyBase.cpp
C:\Repos\Git\TowerDefence\TowerDefence\TowerDefence\Vector2D.h(15,14): warning C4244: 'initializing': conversion from 'double' to 'float', possible loss of data
C:\Repos\Git\TowerDefence\TowerDefence\TowerDefence\Vector2D.h(16,14): warning C4244: 'initializing': conversion from 'double' to 'float', possible loss of data
C:\Repos\Git\TowerDefence\TowerDefence\TowerDefence\Vector2D.h(36,53): warning C4244: 'argument': conversion from 'int' to 'float', possible loss of data
C:\Repos\Git\TowerDefence\TowerDefence\TowerDefence\Vector2D.h(36,38): warning C4244: 'argument': conversion from 'int' to 'float', possible loss of data
C:\Repos\Git\TowerDefence\TowerDefence\TowerDefence\Vector2D.h(37,53): warning C4244: 'argument': conversion from 'int' to 'float', possible loss of data
C:\Repos\Git\TowerDefence\TowerDefence\TowerDefence\Vector2D.h(37,38): warning C4244: 'argument': conversion from 'int' to 'float', possible loss of data
C:\Repos\Git\TowerDefence\TowerDefence\TowerDefence\Vector2D.h(38,29): warning C4244: 'argument': conversion from 'float' to 'int', possible loss of data
C:\Repos\Git\TowerDefence\TowerDefence\TowerDefence\Vector2D.h(38,19): warning C4244: 'argument': conversion from 'float' to 'int', possible loss of data
C:\Repos\Git\TowerDefence\TowerDefence\TowerDefence\EnemyBase.cpp(29,18): warning C4018: '<': signed/unsigned mismatch
  EnemyBig.cpp
C:\Repos\Git\TowerDefence\TowerDefence\TowerDefence\Vector2D.h(15,14): warning C4244: 'initializing': conversion from 'double' to 'float', possible loss of data
C:\Repos\Git\TowerDefence\TowerDefence\TowerDefence\Vector2D.h(16,14): warning C4244: 'initializing': conversion from 'double' to 'float', possible loss of data
C:\Repos\Git\TowerDefence\TowerDefence\TowerDefence\Vector2D.h(36,53): warning C4244: 'argument': conversion from 'int' to 'float', possible loss of data
C:\Repos\Git\TowerDefence\TowerDefence\TowerDefence\Vector2D.h(36,38): warning C4244: 'argument': conversion from 'int' to 'float', possible loss of data
C:\Repos\Git\TowerDefence\TowerDefence\TowerDefence\Vector2D.h(37,53): warning C4244: 'argument': conversion from 'int' to 'float', possible loss of data
C:\Repos\Git\TowerDefence\TowerDefence\TowerDefence\Vector2D.h(37,38): warning C4244: 'argument': conversion from 'int' to 'float', possible loss of data
C:\Repos\Git\TowerDefence\TowerDefence\TowerDefence\Vector2D.h(38,29): warning C4244: 'argument': conversion from 'float' to 'int', possible loss of data
C:\Repos\Git\TowerDefence\TowerDefence\TowerDefence\Vector2D.h(38,19): warning C4244: 'argument': conversion from 'float' to 'int', possible loss of data
  EnemyManager.cpp
C:\Repos\Git\TowerDefence\TowerDefence\TowerDefence\Vector2D.h(15,14): warning C4244: 'initializing': conversion from 'double' to 'float', possible loss of data
C:\Repos\Git\TowerDefence\TowerDefence\TowerDefence\Vector2D.h(16,14): warning C4244: 'initializing': conversion from 'double' to 'float', possible loss of data
C:\Repos\Git\TowerDefence\TowerDefence\TowerDefence\Vector2D.h(36,53): warning C4244: 'argument': conversion from 'int' to 'float', possible loss of data
C:\Repos\Git\TowerDefence\TowerDefence\TowerDefence\Vector2D.h(36,38): warning C4244: 'argument': conversion from 'int' to 'float', possible loss of data
C:\Repos\Git\TowerDefence\TowerDefence\TowerDefence\Vector2D.h(37,53): warning C4244: 'argument': conversion from 'int' to 'float', possible loss of data
C:\Repos\Git\TowerDefence\TowerDefence\TowerDefence\Vector2D.h(37,38): warning C4244: 'argument': conversion from 'int' to 'float', possible loss of data
C:\Repos\Git\TowerDefence\TowerDefence\TowerDefence\Vector2D.h(38,29): warning C4244: 'argument': conversion from 'float' to 'int', possible loss of data
C:\Repos\Git\TowerDefence\TowerDefence\TowerDefence\Vector2D.h(38,19): warning C4244: 'argument': conversion from 'float' to 'int', possible loss of data
C:\Repos\Git\TowerDefence\TowerDefence\TowerDefence\EnemyManager.h(14,19): warning C4099: 'SDL_Renderer': type name first seen using 'struct' now seen using 'class'
C:\Repos\Git\TowerDefence\TowerDefence\packages\sdl2.nuget.2.0.12\build\native\include\SDL_render.h(132): message : see declaration of 'SDL_Renderer'
C:\Repos\Git\TowerDefence\TowerDefence\TowerDefence\EnemyManager.cpp(119,20): warning C4018: '>': signed/unsigned mismatch
  EnemySmall.cpp
C:\Repos\Git\TowerDefence\TowerDefence\TowerDefence\Vector2D.h(15,14): warning C4244: 'initializing': conversion from 'double' to 'float', possible loss of data
C:\Repos\Git\TowerDefence\TowerDefence\TowerDefence\Vector2D.h(16,14): warning C4244: 'initializing': conversion from 'double' to 'float', possible loss of data
C:\Repos\Git\TowerDefence\TowerDefence\TowerDefence\Vector2D.h(36,53): warning C4244: 'argument': conversion from 'int' to 'float', possible loss of data
C:\Repos\Git\TowerDefence\TowerDefence\TowerDefence\Vector2D.h(36,38): warning C4244: 'argument': conversion from 'int' to 'float', possible loss of data
C:\Repos\Git\TowerDefence\TowerDefence\TowerDefence\Vector2D.h(37,53): warning C4244: 'argument': conversion from 'int' to 'float', possible loss of data
C:\Repos\Git\TowerDefence\TowerDefence\TowerDefence\Vector2D.h(37,38): warning C4244: 'argument': conversion from 'int' to 'float', possible loss of data
C:\Repos\Git\TowerDefence\TowerDefence\TowerDefence\Vector2D.h(38,29): warning C4244: 'argument': conversion from 'float' to 'int', possible loss of data
C:\Repos\Git\TowerDefence\TowerDefence\TowerDefence\Vector2D.h(38,19): warning C4244: 'argument': conversion from 'float' to 'int', possible loss of data
  GameManager.cpp
C:\Repos\Git\TowerDefence\TowerDefence\TowerDefence\Vector2D.h(15,14): warning C4244: 'initializing': conversion from 'double' to 'float', possible loss of data
C:\Repos\Git\TowerDefence\TowerDefence\TowerDefence\Vector2D.h(16,14): warning C4244: 'initializing': conversion from 'double' to 'float', possible loss of data
C:\Repos\Git\TowerDefence\TowerDefence\TowerDefence\Vector2D.h(36,53): warning C4244: 'argument': conversion from 'int' to 'float', possible loss of data
C:\Repos\Git\TowerDefence\TowerDefence\TowerDefence\Vector2D.h(36,38): warning C4244: 'argument': conversion from 'int' to 'float', possible loss of data
C:\Repos\Git\TowerDefence\TowerDefence\TowerDefence\Vector2D.h(37,53): warning C4244: 'argument': conversion from 'int' to 'float', possible loss of data
C:\Repos\Git\TowerDefence\TowerDefence\TowerDefence\Vector2D.h(37,38): warning C4244: 'argument': conversion from 'int' to 'float', possible loss of data
C:\Repos\Git\TowerDefence\TowerDefence\TowerDefence\Vector2D.h(38,29): warning C4244: 'argument': conversion from 'float' to 'int', possible loss of data
C:\Repos\Git\TowerDefence\TowerDefence\TowerDefence\Vector2D.h(38,19): warning C4244: 'argument': conversion from 'float' to 'int', possible loss of data
C:\Repos\Git\TowerDefence\TowerDefence\TowerDefence\EnemyManager.h(14,19): warning C4099: 'SDL_Renderer': type name first seen using 'struct' now seen using 'class'
C:\Repos\Git\TowerDefence\TowerDefence\packages\sdl2.nuget.2.0.12\build\native\include\SDL_render.h(132): message : see declaration of 'SDL_Renderer'
  MapManager.cpp
C:\Repos\Git\TowerDefence\TowerDefence\TowerDefence\Vector2D.h(15,14): warning C4244: 'initializing': conversion from 'double' to 'float', possible loss of data
C:\Repos\Git\TowerDefence\TowerDefence\TowerDefence\Vector2D.h(16,14): warning C4244: 'initializing': conversion from 'double' to 'float', possible loss of data
C:\Repos\Git\TowerDefence\TowerDefence\TowerDefence\Vector2D.h(36,53): warning C4244: 'argument': conversion from 'int' to 'float', possible loss of data
C:\Repos\Git\TowerDefence\TowerDefence\TowerDefence\Vector2D.h(36,38): warning C4244: 'argument': conversion from 'int' to 'float', possible loss of data
C:\Repos\Git\TowerDefence\TowerDefence\TowerDefence\Vector2D.h(37,53): warning C4244: 'argument': conversion from 'int' to 'float', possible loss of data
C:\Repos\Git\TowerDefence\TowerDefence\TowerDefence\Vector2D.h(37,38): warning C4244: 'argument': conversion from 'int' to 'float', possible loss of data
C:\Repos\Git\TowerDefence\TowerDefence\TowerDefence\Vector2D.h(38,29): warning C4244: 'argument': conversion from 'float' to 'int', possible loss of data
C:\Repos\Git\TowerDefence\TowerDefence\TowerDefence\Vector2D.h(38,19): warning C4244: 'argument': conversion from 'float' to 'int', possible loss of data
C:\Repos\Git\TowerDefence\TowerDefence\TowerDefence\EnemyManager.h(14,19): warning C4099: 'SDL_Renderer': type name first seen using 'struct' now seen using 'class'
C:\Repos\Git\TowerDefence\TowerDefence\packages\sdl2.nuget.2.0.12\build\native\include\SDL_render.h(132): message : see declaration of 'SDL_Renderer'
  Sprite.cpp
C:\Repos\Git\TowerDefence\TowerDefence\TowerDefence\Vector2D.h(15,14): warning C4244: 'initializing': conversion from 'double' to 'float', possible loss of data
C:\Repos\Git\TowerDefence\TowerDefence\TowerDefence\Vector2D.h(16,14): warning C4244: 'initializing': conversion from 'double' to 'float', possible loss of data
C:\Repos\Git\TowerDefence\TowerDefence\TowerDefence\Vector2D.h(36,53): warning C4244: 'argument': conversion from 'int' to 'float', possible loss of data
C:\Repos\Git\TowerDefence\TowerDefence\TowerDefence\Vector2D.h(36,38): warning C4244: 'argument': conversion from 'int' to 'float', possible loss of data
C:\Repos\Git\TowerDefence\TowerDefence\TowerDefence\Vector2D.h(37,53): warning C4244: 'argument': conversion from 'int' to 'float', possible loss of data
C:\Repos\Git\TowerDefence\TowerDefence\TowerDefence\Vector2D.h(37,38): warning C4244: 'argument': conversion from 'int' to 'float', possible loss of data
C:\Repos\Git\TowerDefence\TowerDefence\TowerDefence\Vector2D.h(38,29): warning C4244: 'argument': conversion from 'float' to 'int', possible loss of data
C:\Repos\Git\TowerDefence\TowerDefence\TowerDefence\Vector2D.h(38,19): warning C4244: 'argument': conversion from 'float' to 'int', possible loss of data
  SpriteManager.cpp
C:\Repos\Git\TowerDefence\TowerDefence\TowerDefence\Vector2D.h(15,14): warning C4244: 'initializing': conversion from 'double' to 'float', possible loss of data
C:\Repos\Git\TowerDefence\TowerDefence\TowerDefence\Vector2D.h(16,14): warning C4244: 'initializing': conversion from 'double' to 'float', possible loss of data
C:\Repos\Git\TowerDefence\TowerDefence\TowerDefence\Vector2D.h(36,53): warning C4244: 'argument': conversion from 'int' to 'float', possible loss of data
C:\Repos\Git\TowerDefence\TowerDefence\TowerDefence\Vector2D.h(36,38): warning C4244: 'argument': conversion from 'int' to 'float', possible loss of data
C:\Repos\Git\TowerDefence\TowerDefence\TowerDefence\Vector2D.h(37,53): warning C4244: 'argument': conversion from 'int' to 'float', possible loss of data
C:\Repos\Git\TowerDefence\TowerDefence\TowerDefence\Vector2D.h(37,38): warning C4244: 'argument': conversion from 'int' to 'float', possible loss of data
C:\Repos\Git\TowerDefence\TowerDefence\TowerDefence\Vector2D.h(38,29): warning C4244: 'argument': conversion from 'float' to 'int', possible loss of data
C:\Repos\Git\TowerDefence\TowerDefence\TowerDefence\Vector2D.h(38,19): warning C4244: 'argument': conversion from 'float' to 'int', possible loss of data
  Tile.cpp
C:\Repos\Git\TowerDefence\TowerDefence\TowerDefence\Vector2D.h(15,14): warning C4244: 'initializing': conversion from 'double' to 'float', possible loss of data
C:\Repos\Git\TowerDefence\TowerDefence\TowerDefence\Vector2D.h(16,14): warning C4244: 'initializing': conversion from 'double' to 'float', possible loss of data
C:\Repos\Git\TowerDefence\TowerDefence\TowerDefence\Vector2D.h(36,53): warning C4244: 'argument': conversion from 'int' to 'float', possible loss of data
C:\Repos\Git\TowerDefence\TowerDefence\TowerDefence\Vector2D.h(36,38): warning C4244: 'argument': conversion from 'int' to 'float', possible loss of data
C:\Repos\Git\TowerDefence\TowerDefence\TowerDefence\Vector2D.h(37,53): warning C4244: 'argument': conversion from 'int' to 'float', possible loss of data
C:\Repos\Git\TowerDefence\TowerDefence\TowerDefence\Vector2D.h(37,38): warning C4244: 'argument': conversion from 'int' to 'float', possible loss of data
C:\Repos\Git\TowerDefence\TowerDefence\TowerDefence\Vector2D.h(38,29): warning C4244: 'argument': conversion from 'float' to 'int', possible loss of data
C:\Repos\Git\TowerDefence\TowerDefence\TowerDefence\Vector2D.h(38,19): warning C4244: 'argument': conversion from 'float' to 'int', possible loss of data
  TileManager.cpp
C:\Repos\Git\TowerDefence\TowerDefence\TowerDefence\Vector2D.h(15,14): warning C4244: 'initializing': conversion from 'double' to 'float', possible loss of data
C:\Repos\Git\TowerDefence\TowerDefence\TowerDefence\Vector2D.h(16,14): warning C4244: 'initializing': conversion from 'double' to 'float', possible loss of data
C:\Repos\Git\TowerDefence\TowerDefence\TowerDefence\Vector2D.h(36,53): warning C4244: 'argument': conversion from 'int' to 'float', possible loss of data
C:\Repos\Git\TowerDefence\TowerDefence\TowerDefence\Vector2D.h(36,38): warning C4244: 'argument': conversion from 'int' to 'float', possible loss of data
C:\Repos\Git\TowerDefence\TowerDefence\TowerDefence\Vector2D.h(37,53): warning C4244: 'argument': conversion from 'int' to 'float', possible loss of data
C:\Repos\Git\TowerDefence\TowerDefence\TowerDefence\Vector2D.h(37,38): warning C4244: 'argument': conversion from 'int' to 'float', possible loss of data
C:\Repos\Git\TowerDefence\TowerDefence\TowerDefence\Vector2D.h(38,29): warning C4244: 'argument': conversion from 'float' to 'int', possible loss of data
C:\Repos\Git\TowerDefence\TowerDefence\TowerDefence\Vector2D.h(38,19): warning C4244: 'argument': conversion from 'float' to 'int', possible loss of data
C:\Repos\Git\TowerDefence\TowerDefence\TowerDefence\EnemyManager.h(14,19): warning C4099: 'SDL_Renderer': type name first seen using 'struct' now seen using 'class'
C:\Repos\Git\TowerDefence\TowerDefence\packages\sdl2.nuget.2.0.12\build\native\include\SDL_render.h(132): message : see declaration of 'SDL_Renderer'
  TowerBase.cpp
C:\Repos\Git\TowerDefence\TowerDefence\TowerDefence\Vector2D.h(15,14): warning C4244: 'initializing': conversion from 'double' to 'float', possible loss of data
C:\Repos\Git\TowerDefence\TowerDefence\TowerDefence\Vector2D.h(16,14): warning C4244: 'initializing': conversion from 'double' to 'float', possible loss of data
C:\Repos\Git\TowerDefence\TowerDefence\TowerDefence\Vector2D.h(36,53): warning C4244: 'argument': conversion from 'int' to 'float', possible loss of data
C:\Repos\Git\TowerDefence\TowerDefence\TowerDefence\Vector2D.h(36,38): warning C4244: 'argument': conversion from 'int' to 'float', possible loss of data
C:\Repos\Git\TowerDefence\TowerDefence\TowerDefence\Vector2D.h(37,53): warning C4244: 'argument': conversion from 'int' to 'float', possible loss of data
C:\Repos\Git\TowerDefence\TowerDefence\TowerDefence\Vector2D.h(37,38): warning C4244: 'argument': conversion from 'int' to 'float', possible loss of data
C:\Repos\Git\TowerDefence\TowerDefence\TowerDefence\Vector2D.h(38,29): warning C4244: 'argument': conversion from 'float' to 'int', possible loss of data
C:\Repos\Git\TowerDefence\TowerDefence\TowerDefence\Vector2D.h(38,19): warning C4244: 'argument': conversion from 'float' to 'int', possible loss of data
  TowerBig.cpp
C:\Repos\Git\TowerDefence\TowerDefence\TowerDefence\Vector2D.h(15,14): warning C4244: 'initializing': conversion from 'double' to 'float', possible loss of data
C:\Repos\Git\TowerDefence\TowerDefence\TowerDefence\Vector2D.h(16,14): warning C4244: 'initializing': conversion from 'double' to 'float', possible loss of data
C:\Repos\Git\TowerDefence\TowerDefence\TowerDefence\Vector2D.h(36,53): warning C4244: 'argument': conversion from 'int' to 'float', possible loss of data
C:\Repos\Git\TowerDefence\TowerDefence\TowerDefence\Vector2D.h(36,38): warning C4244: 'argument': conversion from 'int' to 'float', possible loss of data
C:\Repos\Git\TowerDefence\TowerDefence\TowerDefence\Vector2D.h(37,53): warning C4244: 'argument': conversion from 'int' to 'float', possible loss of data
C:\Repos\Git\TowerDefence\TowerDefence\TowerDefence\Vector2D.h(37,38): warning C4244: 'argument': conversion from 'int' to 'float', possible loss of data
C:\Repos\Git\TowerDefence\TowerDefence\TowerDefence\Vector2D.h(38,29): warning C4244: 'argument': conversion from 'float' to 'int', possible loss of data
C:\Repos\Git\TowerDefence\TowerDefence\TowerDefence\Vector2D.h(38,19): warning C4244: 'argument': conversion from 'float' to 'int', possible loss of data
  TowerManager.cpp
C:\Repos\Git\TowerDefence\TowerDefence\TowerDefence\Vector2D.h(15,14): warning C4244: 'initializing': conversion from 'double' to 'float', possible loss of data
C:\Repos\Git\TowerDefence\TowerDefence\TowerDefence\Vector2D.h(16,14): warning C4244: 'initializing': conversion from 'double' to 'float', possible loss of data
C:\Repos\Git\TowerDefence\TowerDefence\TowerDefence\Vector2D.h(36,53): warning C4244: 'argument': conversion from 'int' to 'float', possible loss of data
C:\Repos\Git\TowerDefence\TowerDefence\TowerDefence\Vector2D.h(36,38): warning C4244: 'argument': conversion from 'int' to 'float', possible loss of data
C:\Repos\Git\TowerDefence\TowerDefence\TowerDefence\Vector2D.h(37,53): warning C4244: 'argument': conversion from 'int' to 'float', possible loss of data
C:\Repos\Git\TowerDefence\TowerDefence\TowerDefence\Vector2D.h(37,38): warning C4244: 'argument': conversion from 'int' to 'float', possible loss of data
C:\Repos\Git\TowerDefence\TowerDefence\TowerDefence\Vector2D.h(38,29): warning C4244: 'argument': conversion from 'float' to 'int', possible loss of data
C:\Repos\Git\TowerDefence\TowerDefence\TowerDefence\Vector2D.h(38,19): warning C4244: 'argument': conversion from 'float' to 'int', possible loss of data
  TowerSmall.cpp
C:\Repos\Git\TowerDefence\TowerDefence\TowerDefence\Vector2D.h(15,14): warning C4244: 'initializing': conversion from 'double' to 'float', possible loss of data
C:\Repos\Git\TowerDefence\TowerDefence\TowerDefence\Vector2D.h(16,14): warning C4244: 'initializing': conversion from 'double' to 'float', possible loss of data
C:\Repos\Git\TowerDefence\TowerDefence\TowerDefence\Vector2D.h(36,53): warning C4244: 'argument': conversion from 'int' to 'float', possible loss of data
C:\Repos\Git\TowerDefence\TowerDefence\TowerDefence\Vector2D.h(36,38): warning C4244: 'argument': conversion from 'int' to 'float', possible loss of data
C:\Repos\Git\TowerDefence\TowerDefence\TowerDefence\Vector2D.h(37,53): warning C4244: 'argument': conversion from 'int' to 'float', possible loss of data
C:\Repos\Git\TowerDefence\TowerDefence\TowerDefence\Vector2D.h(37,38): warning C4244: 'argument': conversion from 'int' to 'float', possible loss of data
C:\Repos\Git\TowerDefence\TowerDefence\TowerDefence\Vector2D.h(38,29): warning C4244: 'argument': conversion from 'float' to 'int', possible loss of data
C:\Repos\Git\TowerDefence\TowerDefence\TowerDefence\Vector2D.h(38,19): warning C4244: 'argument': conversion from 'float' to 'int', possible loss of data
  main.cpp
C:\Repos\Git\TowerDefence\TowerDefence\TowerDefence\Vector2D.h(15,14): warning C4244: 'initializing': conversion from 'double' to 'float', possible loss of data
C:\Repos\Git\TowerDefence\TowerDefence\TowerDefence\Vector2D.h(16,14): warning C4244: 'initializing': conversion from 'double' to 'float', possible loss of data
C:\Repos\Git\TowerDefence\TowerDefence\TowerDefence\Vector2D.h(36,53): warning C4244: 'argument': conversion from 'int' to 'float', possible loss of data
C:\Repos\Git\TowerDefence\TowerDefence\TowerDefence\Vector2D.h(36,38): warning C4244: 'argument': conversion from 'int' to 'float', possible loss of data
C:\Repos\Git\TowerDefence\TowerDefence\TowerDefence\Vector2D.h(37,53): warning C4244: 'argument': conversion from 'int' to 'float', possible loss of data
C:\Repos\Git\TowerDefence\TowerDefence\TowerDefence\Vector2D.h(37,38): warning C4244: 'argument': conversion from 'int' to 'float', possible loss of data
C:\Repos\Git\TowerDefence\TowerDefence\TowerDefence\Vector2D.h(38,29): warning C4244: 'argument': conversion from 'float' to 'int', possible loss of data
C:\Repos\Git\TowerDefence\TowerDefence\TowerDefence\Vector2D.h(38,19): warning C4244: 'argument': conversion from 'float' to 'int', possible loss of data
C:\Repos\Git\TowerDefence\TowerDefence\TowerDefence\EnemyManager.h(14,19): warning C4099: 'SDL_Renderer': type name first seen using 'struct' now seen using 'class'
C:\Repos\Git\TowerDefence\TowerDefence\packages\sdl2.nuget.2.0.12\build\native\include\SDL_render.h(132): message : see declaration of 'SDL_Renderer'
  Generating Code...
C:\Repos\Git\TowerDefence\TowerDefence\TowerDefence\TowerManager.cpp(83): warning C4715: 'TowerManager::CreateTower': not all control paths return a value
C:\Repos\Git\TowerDefence\TowerDefence\TowerDefence\EnemyManager.cpp(96): warning C4715: 'EnemyManager::CreateEnemy': not all control paths return a value
  TowerDefence.vcxproj -> C:\Repos\Git\TowerDefence\TowerDefence\Debug\TowerDefence.exe
