  BulletBase.cpp
C:\Repos\Git\CPlusPlus\TowerDefence\TowerDefence\TowerDefence\Enemy.h(61,61): warning C4244: 'argument': conversion from 'int' to 'float', possible loss of data
C:\Repos\Git\CPlusPlus\TowerDefence\TowerDefence\TowerDefence\Enemy.h(61,50): warning C4244: 'argument': conversion from 'int' to 'float', possible loss of data
C:\Repos\Git\CPlusPlus\TowerDefence\TowerDefence\TowerDefence\BulletBase.h(45,61): warning C4244: 'argument': conversion from 'int' to 'float', possible loss of data
C:\Repos\Git\CPlusPlus\TowerDefence\TowerDefence\TowerDefence\BulletBase.h(45,50): warning C4244: 'argument': conversion from 'int' to 'float', possible loss of data
C:\Repos\Git\CPlusPlus\TowerDefence\TowerDefence\TowerDefence\BulletBase.cpp(66,22): warning C4244: '=': conversion from 'float' to 'int', possible loss of data
C:\Repos\Git\CPlusPlus\TowerDefence\TowerDefence\TowerDefence\BulletBase.cpp(67,22): warning C4244: '=': conversion from 'float' to 'int', possible loss of data
  BulletManager.cpp
C:\Repos\Git\CPlusPlus\TowerDefence\TowerDefence\TowerDefence\Enemy.h(61,61): warning C4244: 'argument': conversion from 'int' to 'float', possible loss of data
C:\Repos\Git\CPlusPlus\TowerDefence\TowerDefence\TowerDefence\Enemy.h(61,50): warning C4244: 'argument': conversion from 'int' to 'float', possible loss of data
C:\Repos\Git\CPlusPlus\TowerDefence\TowerDefence\TowerDefence\BulletBase.h(45,61): warning C4244: 'argument': conversion from 'int' to 'float', possible loss of data
C:\Repos\Git\CPlusPlus\TowerDefence\TowerDefence\TowerDefence\BulletBase.h(45,50): warning C4244: 'argument': conversion from 'int' to 'float', possible loss of data
  EffectManager.cpp
C:\Repos\Git\CPlusPlus\TowerDefence\TowerDefence\TowerDefence\Enemy.h(61,61): warning C4244: 'argument': conversion from 'int' to 'float', possible loss of data
C:\Repos\Git\CPlusPlus\TowerDefence\TowerDefence\TowerDefence\Enemy.h(61,50): warning C4244: 'argument': conversion from 'int' to 'float', possible loss of data
  Enemy.cpp
C:\Repos\Git\CPlusPlus\TowerDefence\TowerDefence\TowerDefence\Enemy.h(61,61): warning C4244: 'argument': conversion from 'int' to 'float', possible loss of data
C:\Repos\Git\CPlusPlus\TowerDefence\TowerDefence\TowerDefence\Enemy.h(61,50): warning C4244: 'argument': conversion from 'int' to 'float', possible loss of data
C:\Repos\Git\CPlusPlus\TowerDefence\TowerDefence\TowerDefence\BulletBase.h(45,61): warning C4244: 'argument': conversion from 'int' to 'float', possible loss of data
C:\Repos\Git\CPlusPlus\TowerDefence\TowerDefence\TowerDefence\BulletBase.h(45,50): warning C4244: 'argument': conversion from 'int' to 'float', possible loss of data
C:\Repos\Git\CPlusPlus\TowerDefence\TowerDefence\TowerDefence\TowerBase.h(60,61): warning C4244: 'argument': conversion from 'int' to 'float', possible loss of data
C:\Repos\Git\CPlusPlus\TowerDefence\TowerDefence\TowerDefence\TowerBase.h(60,50): warning C4244: 'argument': conversion from 'int' to 'float', possible loss of data
C:\Repos\Git\CPlusPlus\TowerDefence\TowerDefence\TowerDefence\Enemy.cpp(97,99): warning C4244: 'argument': conversion from 'double' to 'float', possible loss of data
C:\Repos\Git\CPlusPlus\TowerDefence\TowerDefence\TowerDefence\Enemy.cpp(140,22): warning C4244: '=': conversion from 'float' to 'int', possible loss of data
C:\Repos\Git\CPlusPlus\TowerDefence\TowerDefence\TowerDefence\Enemy.cpp(141,22): warning C4244: '=': conversion from 'float' to 'int', possible loss of data
  EnemyManager.cpp
C:\Repos\Git\CPlusPlus\TowerDefence\TowerDefence\TowerDefence\Enemy.h(61,61): warning C4244: 'argument': conversion from 'int' to 'float', possible loss of data
C:\Repos\Git\CPlusPlus\TowerDefence\TowerDefence\TowerDefence\Enemy.h(61,50): warning C4244: 'argument': conversion from 'int' to 'float', possible loss of data
  ExplosionBase.cpp
C:\Repos\Git\CPlusPlus\TowerDefence\TowerDefence\TowerDefence\Enemy.h(61,61): warning C4244: 'argument': conversion from 'int' to 'float', possible loss of data
C:\Repos\Git\CPlusPlus\TowerDefence\TowerDefence\TowerDefence\Enemy.h(61,50): warning C4244: 'argument': conversion from 'int' to 'float', possible loss of data
C:\Repos\Git\CPlusPlus\TowerDefence\TowerDefence\TowerDefence\ExplosionBase.cpp(140,28): warning C4244: '=': conversion from 'float' to 'int', possible loss of data
C:\Repos\Git\CPlusPlus\TowerDefence\TowerDefence\TowerDefence\ExplosionBase.cpp(141,28): warning C4244: '=': conversion from 'float' to 'int', possible loss of data
C:\Repos\Git\CPlusPlus\TowerDefence\TowerDefence\TowerDefence\ExplosionBase.cpp(148,25): warning C4244: '=': conversion from 'float' to 'int', possible loss of data
C:\Repos\Git\CPlusPlus\TowerDefence\TowerDefence\TowerDefence\ExplosionBase.cpp(149,25): warning C4244: '=': conversion from 'float' to 'int', possible loss of data
  FrostBullet.cpp
C:\Repos\Git\CPlusPlus\TowerDefence\TowerDefence\TowerDefence\Enemy.h(61,61): warning C4244: 'argument': conversion from 'int' to 'float', possible loss of data
C:\Repos\Git\CPlusPlus\TowerDefence\TowerDefence\TowerDefence\Enemy.h(61,50): warning C4244: 'argument': conversion from 'int' to 'float', possible loss of data
C:\Repos\Git\CPlusPlus\TowerDefence\TowerDefence\TowerDefence\BulletBase.h(45,61): warning C4244: 'argument': conversion from 'int' to 'float', possible loss of data
C:\Repos\Git\CPlusPlus\TowerDefence\TowerDefence\TowerDefence\BulletBase.h(45,50): warning C4244: 'argument': conversion from 'int' to 'float', possible loss of data
  FrostExplosion.cpp
C:\Repos\Git\CPlusPlus\TowerDefence\TowerDefence\TowerDefence\Enemy.h(61,61): warning C4244: 'argument': conversion from 'int' to 'float', possible loss of data
C:\Repos\Git\CPlusPlus\TowerDefence\TowerDefence\TowerDefence\Enemy.h(61,50): warning C4244: 'argument': conversion from 'int' to 'float', possible loss of data
C:\Repos\Git\CPlusPlus\TowerDefence\TowerDefence\TowerDefence\FrostExplosion.cpp(28,34): warning C4244: 'argument': conversion from 'double' to 'float', possible loss of data
C:\Repos\Git\CPlusPlus\TowerDefence\TowerDefence\TowerDefence\FrostExplosion.cpp(29,58): warning C4244: 'argument': conversion from 'double' to 'float', possible loss of data
C:\Repos\Git\CPlusPlus\TowerDefence\TowerDefence\TowerDefence\FrostExplosion.cpp(29,30): warning C4244: 'argument': conversion from 'double' to 'float', possible loss of data
  FrostTower.cpp
C:\Repos\Git\CPlusPlus\TowerDefence\TowerDefence\TowerDefence\Enemy.h(61,61): warning C4244: 'argument': conversion from 'int' to 'float', possible loss of data
C:\Repos\Git\CPlusPlus\TowerDefence\TowerDefence\TowerDefence\Enemy.h(61,50): warning C4244: 'argument': conversion from 'int' to 'float', possible loss of data
C:\Repos\Git\CPlusPlus\TowerDefence\TowerDefence\TowerDefence\BulletBase.h(45,61): warning C4244: 'argument': conversion from 'int' to 'float', possible loss of data
C:\Repos\Git\CPlusPlus\TowerDefence\TowerDefence\TowerDefence\BulletBase.h(45,50): warning C4244: 'argument': conversion from 'int' to 'float', possible loss of data
C:\Repos\Git\CPlusPlus\TowerDefence\TowerDefence\TowerDefence\TowerBase.h(60,61): warning C4244: 'argument': conversion from 'int' to 'float', possible loss of data
C:\Repos\Git\CPlusPlus\TowerDefence\TowerDefence\TowerDefence\TowerBase.h(60,50): warning C4244: 'argument': conversion from 'int' to 'float', possible loss of data
  GameManager.cpp
C:\Repos\Git\CPlusPlus\TowerDefence\TowerDefence\TowerDefence\Enemy.h(61,61): warning C4244: 'argument': conversion from 'int' to 'float', possible loss of data
C:\Repos\Git\CPlusPlus\TowerDefence\TowerDefence\TowerDefence\Enemy.h(61,50): warning C4244: 'argument': conversion from 'int' to 'float', possible loss of data
C:\Repos\Git\CPlusPlus\TowerDefence\TowerDefence\TowerDefence\BulletBase.h(45,61): warning C4244: 'argument': conversion from 'int' to 'float', possible loss of data
C:\Repos\Git\CPlusPlus\TowerDefence\TowerDefence\TowerDefence\BulletBase.h(45,50): warning C4244: 'argument': conversion from 'int' to 'float', possible loss of data
C:\Repos\Git\CPlusPlus\TowerDefence\TowerDefence\TowerDefence\TowerBase.h(60,61): warning C4244: 'argument': conversion from 'int' to 'float', possible loss of data
C:\Repos\Git\CPlusPlus\TowerDefence\TowerDefence\TowerDefence\TowerBase.h(60,50): warning C4244: 'argument': conversion from 'int' to 'float', possible loss of data
  LevelManager.cpp
C:\Repos\Git\CPlusPlus\TowerDefence\TowerDefence\TowerDefence\Enemy.h(61,61): warning C4244: 'argument': conversion from 'int' to 'float', possible loss of data
C:\Repos\Git\CPlusPlus\TowerDefence\TowerDefence\TowerDefence\Enemy.h(61,50): warning C4244: 'argument': conversion from 'int' to 'float', possible loss of data
C:\Repos\Git\CPlusPlus\TowerDefence\TowerDefence\TowerDefence\BulletBase.h(45,61): warning C4244: 'argument': conversion from 'int' to 'float', possible loss of data
C:\Repos\Git\CPlusPlus\TowerDefence\TowerDefence\TowerDefence\BulletBase.h(45,50): warning C4244: 'argument': conversion from 'int' to 'float', possible loss of data
C:\Repos\Git\CPlusPlus\TowerDefence\TowerDefence\TowerDefence\TowerBase.h(60,61): warning C4244: 'argument': conversion from 'int' to 'float', possible loss of data
C:\Repos\Git\CPlusPlus\TowerDefence\TowerDefence\TowerDefence\TowerBase.h(60,50): warning C4244: 'argument': conversion from 'int' to 'float', possible loss of data
  MapReader.cpp
  RegularBullet.cpp
C:\Repos\Git\CPlusPlus\TowerDefence\TowerDefence\TowerDefence\Enemy.h(61,61): warning C4244: 'argument': conversion from 'int' to 'float', possible loss of data
C:\Repos\Git\CPlusPlus\TowerDefence\TowerDefence\TowerDefence\Enemy.h(61,50): warning C4244: 'argument': conversion from 'int' to 'float', possible loss of data
C:\Repos\Git\CPlusPlus\TowerDefence\TowerDefence\TowerDefence\BulletBase.h(45,61): warning C4244: 'argument': conversion from 'int' to 'float', possible loss of data
C:\Repos\Git\CPlusPlus\TowerDefence\TowerDefence\TowerDefence\BulletBase.h(45,50): warning C4244: 'argument': conversion from 'int' to 'float', possible loss of data
  RegularExplosion.cpp
C:\Repos\Git\CPlusPlus\TowerDefence\TowerDefence\TowerDefence\Enemy.h(61,61): warning C4244: 'argument': conversion from 'int' to 'float', possible loss of data
C:\Repos\Git\CPlusPlus\TowerDefence\TowerDefence\TowerDefence\Enemy.h(61,50): warning C4244: 'argument': conversion from 'int' to 'float', possible loss of data
C:\Repos\Git\CPlusPlus\TowerDefence\TowerDefence\TowerDefence\RegularExplosion.cpp(28,34): warning C4244: 'argument': conversion from 'double' to 'float', possible loss of data
  RegularTower.cpp
C:\Repos\Git\CPlusPlus\TowerDefence\TowerDefence\TowerDefence\Enemy.h(61,61): warning C4244: 'argument': conversion from 'int' to 'float', possible loss of data
C:\Repos\Git\CPlusPlus\TowerDefence\TowerDefence\TowerDefence\Enemy.h(61,50): warning C4244: 'argument': conversion from 'int' to 'float', possible loss of data
C:\Repos\Git\CPlusPlus\TowerDefence\TowerDefence\TowerDefence\BulletBase.h(45,61): warning C4244: 'argument': conversion from 'int' to 'float', possible loss of data
C:\Repos\Git\CPlusPlus\TowerDefence\TowerDefence\TowerDefence\BulletBase.h(45,50): warning C4244: 'argument': conversion from 'int' to 'float', possible loss of data
C:\Repos\Git\CPlusPlus\TowerDefence\TowerDefence\TowerDefence\TowerBase.h(60,61): warning C4244: 'argument': conversion from 'int' to 'float', possible loss of data
C:\Repos\Git\CPlusPlus\TowerDefence\TowerDefence\TowerDefence\TowerBase.h(60,50): warning C4244: 'argument': conversion from 'int' to 'float', possible loss of data
  ScreenImageUI.cpp
  TileManager.cpp
C:\Repos\Git\CPlusPlus\TowerDefence\TowerDefence\TowerDefence\TileManager.cpp(174,55): warning C4244: 'argument': conversion from 'unsigned int' to 'float', possible loss of data
C:\Repos\Git\CPlusPlus\TowerDefence\TowerDefence\TowerDefence\TileManager.cpp(174,19): warning C4244: 'argument': conversion from 'unsigned int' to 'float', possible loss of data
C:\Repos\Git\CPlusPlus\TowerDefence\TowerDefence\TowerDefence\TileManager.cpp(181,55): warning C4244: 'argument': conversion from 'unsigned int' to 'float', possible loss of data
C:\Repos\Git\CPlusPlus\TowerDefence\TowerDefence\TowerDefence\TileManager.cpp(181,19): warning C4244: 'argument': conversion from 'unsigned int' to 'float', possible loss of data
  TowerBase.cpp
C:\Repos\Git\CPlusPlus\TowerDefence\TowerDefence\TowerDefence\Enemy.h(61,61): warning C4244: 'argument': conversion from 'int' to 'float', possible loss of data
C:\Repos\Git\CPlusPlus\TowerDefence\TowerDefence\TowerDefence\Enemy.h(61,50): warning C4244: 'argument': conversion from 'int' to 'float', possible loss of data
C:\Repos\Git\CPlusPlus\TowerDefence\TowerDefence\TowerDefence\BulletBase.h(45,61): warning C4244: 'argument': conversion from 'int' to 'float', possible loss of data
C:\Repos\Git\CPlusPlus\TowerDefence\TowerDefence\TowerDefence\BulletBase.h(45,50): warning C4244: 'argument': conversion from 'int' to 'float', possible loss of data
C:\Repos\Git\CPlusPlus\TowerDefence\TowerDefence\TowerDefence\TowerBase.h(60,61): warning C4244: 'argument': conversion from 'int' to 'float', possible loss of data
C:\Repos\Git\CPlusPlus\TowerDefence\TowerDefence\TowerDefence\TowerBase.h(60,50): warning C4244: 'argument': conversion from 'int' to 'float', possible loss of data
C:\Repos\Git\CPlusPlus\TowerDefence\TowerDefence\TowerDefence\TowerBase.cpp(21,31): warning C4244: '=': conversion from 'double' to 'float', possible loss of data
C:\Repos\Git\CPlusPlus\TowerDefence\TowerDefence\TowerDefence\TowerBase.cpp(117,33): warning C4244: '=': conversion from 'double' to 'float', possible loss of data
C:\Repos\Git\CPlusPlus\TowerDefence\TowerDefence\TowerDefence\TowerBase.cpp(128,22): warning C4244: '=': conversion from 'float' to 'int', possible loss of data
C:\Repos\Git\CPlusPlus\TowerDefence\TowerDefence\TowerDefence\TowerBase.cpp(129,22): warning C4244: '=': conversion from 'float' to 'int', possible loss of data
C:\Repos\Git\CPlusPlus\TowerDefence\TowerDefence\TowerDefence\TowerBase.cpp(140,95): warning C4244: 'argument': conversion from 'double' to 'float', possible loss of data
C:\Repos\Git\CPlusPlus\TowerDefence\TowerDefence\TowerDefence\TowerBase.cpp(140,46): warning C4244: 'argument': conversion from 'double' to 'float', possible loss of data
C:\Repos\Git\CPlusPlus\TowerDefence\TowerDefence\TowerDefence\TowerBase.cpp(142,98): warning C4244: 'argument': conversion from 'float' to 'int', possible loss of data
C:\Repos\Git\CPlusPlus\TowerDefence\TowerDefence\TowerDefence\TowerBase.cpp(142,66): warning C4244: 'argument': conversion from 'float' to 'int', possible loss of data
  TowerManager.cpp
C:\Repos\Git\CPlusPlus\TowerDefence\TowerDefence\TowerDefence\Enemy.h(61,61): warning C4244: 'argument': conversion from 'int' to 'float', possible loss of data
C:\Repos\Git\CPlusPlus\TowerDefence\TowerDefence\TowerDefence\Enemy.h(61,50): warning C4244: 'argument': conversion from 'int' to 'float', possible loss of data
C:\Repos\Git\CPlusPlus\TowerDefence\TowerDefence\TowerDefence\BulletBase.h(45,61): warning C4244: 'argument': conversion from 'int' to 'float', possible loss of data
C:\Repos\Git\CPlusPlus\TowerDefence\TowerDefence\TowerDefence\BulletBase.h(45,50): warning C4244: 'argument': conversion from 'int' to 'float', possible loss of data
C:\Repos\Git\CPlusPlus\TowerDefence\TowerDefence\TowerDefence\TowerBase.h(60,61): warning C4244: 'argument': conversion from 'int' to 'float', possible loss of data
C:\Repos\Git\CPlusPlus\TowerDefence\TowerDefence\TowerDefence\TowerBase.h(60,50): warning C4244: 'argument': conversion from 'int' to 'float', possible loss of data
  UIBase.cpp
C:\Repos\Git\CPlusPlus\TowerDefence\TowerDefence\TowerDefence\UIBase.cpp(62,28): warning C4244: '=': conversion from 'float' to 'int', possible loss of data
C:\Repos\Git\CPlusPlus\TowerDefence\TowerDefence\TowerDefence\UIBase.cpp(63,28): warning C4244: '=': conversion from 'float' to 'int', possible loss of data
C:\Repos\Git\CPlusPlus\TowerDefence\TowerDefence\TowerDefence\UIBase.cpp(70,25): warning C4244: '=': conversion from 'float' to 'int', possible loss of data
C:\Repos\Git\CPlusPlus\TowerDefence\TowerDefence\TowerDefence\UIBase.cpp(71,25): warning C4244: '=': conversion from 'float' to 'int', possible loss of data
  Generating Code...
  Compiling...
  UIManager.cpp
  main.cpp
C:\Repos\Git\CPlusPlus\TowerDefence\TowerDefence\TowerDefence\Enemy.h(61,61): warning C4244: 'argument': conversion from 'int' to 'float', possible loss of data
C:\Repos\Git\CPlusPlus\TowerDefence\TowerDefence\TowerDefence\Enemy.h(61,50): warning C4244: 'argument': conversion from 'int' to 'float', possible loss of data
C:\Repos\Git\CPlusPlus\TowerDefence\TowerDefence\TowerDefence\BulletBase.h(45,61): warning C4244: 'argument': conversion from 'int' to 'float', possible loss of data
C:\Repos\Git\CPlusPlus\TowerDefence\TowerDefence\TowerDefence\BulletBase.h(45,50): warning C4244: 'argument': conversion from 'int' to 'float', possible loss of data
C:\Repos\Git\CPlusPlus\TowerDefence\TowerDefence\TowerDefence\TowerBase.h(60,61): warning C4244: 'argument': conversion from 'int' to 'float', possible loss of data
C:\Repos\Git\CPlusPlus\TowerDefence\TowerDefence\TowerDefence\TowerBase.h(60,50): warning C4244: 'argument': conversion from 'int' to 'float', possible loss of data
  Generating Code...
  TowerDefence.vcxproj -> C:\Repos\Git\CPlusPlus\TowerDefence\TowerDefence\x64\Debug\TowerDefence.exe
